[0928/013324:ERROR:process_reader_win.cc(173)] ResumeThread: The parameter is incorrect. (0x57)
[0928/013324:ERROR:process_reader_win.cc(142)] SuspendThread: Access is denied. (0x5)
[0928/013324:ERROR:process_reader_win.cc(142)] SuspendThread: Access is denied. (0x5)
[0928/013324:ERROR:process_reader_win.cc(142)] SuspendThread: Access is denied. (0x5)
[0928/013324:ERROR:process_reader_win.cc(142)] SuspendThread: Access is denied. (0x5)
[0928/013324:ERROR:process_reader_win.cc(142)] SuspendThread: Access is denied. (0x5)
[0928/013324:ERROR:process_reader_win.cc(142)] SuspendThread: Access is denied. (0x5)
[0928/013324:ERROR:process_reader_win.cc(114)] NtOpenThread: An invalid Client ID was specified.  (0xc000000b)
[0928/013324:ERROR:process_reader_win.cc(142)] SuspendThread: Access is denied. (0x5)
[0928/013324:ERROR:process_reader_win.cc(142)] SuspendThread: Access is denied. (0x5)
[0928/013324:ERROR:process_reader_win.cc(142)] SuspendThread: Access is denied. (0x5)
[0928/013324:ERROR:process_reader_win.cc(142)] SuspendThread: Access is denied. (0x5)
[0928/013324:ERROR:process_reader_win.cc(142)] SuspendThread: Access is denied. (0x5)
[0928/013324:ERROR:process_reader_win.cc(142)] SuspendThread: Access is denied. (0x5)
[0928/013324:ERROR:process_reader_win.cc(142)] SuspendThread: Access is denied. (0x5)
[0928/013324:ERROR:process_info.cc(608)] range at 0x24ec2b8400000000, size 0x1d7 fully unreadable
[0928/013324:ERROR:process_info.cc(608)] range at 0x24ec2bea00000000, size 0x1d7 fully unreadable
[0928/013324:ERROR:process_info.cc(608)] range at 0x0, size 0x1d7 fully unreadable
[0928/013324:WARNING:in_range_cast.h(38)] value 2023549048808 out of range
[0928/013324:WARNING:in_range_cast.h(38)] value 2023549048734 out of range
[0928/013324:WARNING:in_range_cast.h(38)] value 2023549050176 out of range
[0928/013324:WARNING:in_range_cast.h(38)] value 2023549046286 out of range
[0928/013324:WARNING:in_range_cast.h(38)] value 2023549046494 out of range
[0928/013324:ERROR:process_reader_win.cc(233)] ReadMemory at 0x1d724f3b420 of 512 bytes failed: Only part of a ReadProcessMemory or WriteProcessMemory request was completed. (0x12B)
[0928/013324:ERROR:crash_report_exception_handler.cc(98)] WriteEverything failed
[0928/013324:ERROR:scoped_process_suspend.cc(38)] NtResumeProcess: An attempt was made to access an exiting process.  (0xc000010a)
