2016-11-06 20:42:24   INFO [ZaycevMaven.ZaycevMavenProject.ZaycevHomePage] : Home page opened
2016-11-06 20:42:25   INFO [ZaycevMaven.ZaycevMavenProject.ZaycevHomePage] : Button Enter clicked
2016-11-06 20:42:25   INFO [ZaycevMaven.ZaycevMavenProject.ZaycevHomePage] : Email entered
2016-11-06 20:42:26   INFO [ZaycevMaven.ZaycevMavenProject.ZaycevHomePage] : Password entered
2016-11-06 20:42:28   INFO [ZaycevMaven.ZaycevMavenProject.ZaycevHomePage] : Entry button Enter clicked
2016-11-06 20:42:28   INFO [ZaycevMaven.ZaycevMavenProject.ZaycevHomePage] : Got text from UserNam
2016-11-06 20:42:43  ERROR [ZaycevMaven.ZaycevMavenProject.ZaycevHomePage] : Some trouble with getting text from UserNam org.openqa.selenium.NoSuchElementException: Unable to locate element: {"method":"xpath","selector":".//*[@class='person-profile-info__open-menu']"}
Command duration or timeout: 15.17 seconds
For documentation on this error, please visit: http://seleniumhq.org/exceptions/no_such_element.html
Build info: version: '2.53.0', revision: '35ae25b1534ae328c771e0856c93e187490ca824', time: '2016-03-15 10:43:46'
System info: host: 'KBP1-LHP-F55891', ip: '192.168.1.21', os.name: 'Windows 7', os.arch: 'amd64', os.version: '6.1', java.version: '1.8.0_77'
Driver info: org.openqa.selenium.firefox.FirefoxDriver
Capabilities [{applicationCacheEnabled=true, rotatable=false, handlesAlerts=true, databaseEnabled=true, version=46.0, platform=WINDOWS, nativeEvents=false, acceptSslCerts=true, webStorageEnabled=true, locationContextEnabled=true, browserName=firefox, takesScreenshot=true, javascriptEnabled=true, cssSelectorsEnabled=true}]
Session ID: 15fa0fde-8cf1-422f-87bd-ea54482ee75d
*** Element info: {Using=xpath, value=.//*[@class='person-profile-info__open-menu']}
2016-11-06 20:42:47   INFO [ZaycevMaven.ZaycevMavenProject.ZaycevHomePage] : Driver shuted down
2016-11-06 20:53:13   INFO [ZaycevMaven.ZaycevMavenProject.ZaycevHomePage] : Home page opened
2016-11-06 20:53:14   INFO [ZaycevMaven.ZaycevMavenProject.ZaycevHomePage] : Button Enter clicked
2016-11-06 20:53:14   INFO [ZaycevMaven.ZaycevMavenProject.ZaycevHomePage] : Email entered
2016-11-06 20:53:15   INFO [ZaycevMaven.ZaycevMavenProject.ZaycevHomePage] : Password entered
2016-11-06 20:53:18   INFO [ZaycevMaven.ZaycevMavenProject.ZaycevHomePage] : Entry button Enter clicked
2016-11-06 20:53:18   INFO [ZaycevMaven.ZaycevMavenProject.ZaycevHomePage] : Got text from UserNam
2016-11-06 20:53:22   INFO [ZaycevMaven.ZaycevMavenProject.ZaycevHomePage] : Driver shuted down
2016-11-06 21:37:36   INFO [ZaycevMaven.ZaycevMavenProject.ZaycevHomePage] : Home page opened
2016-11-06 21:37:37   INFO [ZaycevMaven.ZaycevMavenProject.ZaycevHomePage] : Button Enter clicked
2016-11-06 21:37:37   INFO [ZaycevMaven.ZaycevMavenProject.ZaycevHomePage] : Email entered
2016-11-06 21:37:38   INFO [ZaycevMaven.ZaycevMavenProject.ZaycevHomePage] : Password entered
2016-11-06 21:37:39   INFO [ZaycevMaven.ZaycevMavenProject.ZaycevHomePage] : Entry button Enter clicked
2016-11-06 21:37:42   INFO [ZaycevMaven.ZaycevMavenProject.ZaycevHomePage] : Driver shuted down
2016-11-06 21:38:31   INFO [ZaycevMaven.ZaycevMavenProject.ZaycevHomePage] : Home page opened
2016-11-06 21:38:31   INFO [ZaycevMaven.ZaycevMavenProject.ZaycevHomePage] : Button Enter clicked
2016-11-06 21:38:32   INFO [ZaycevMaven.ZaycevMavenProject.ZaycevHomePage] : Email entered
2016-11-06 21:38:33   INFO [ZaycevMaven.ZaycevMavenProject.ZaycevHomePage] : Password entered
2016-11-06 21:38:34   INFO [ZaycevMaven.ZaycevMavenProject.ZaycevHomePage] : Entry button Enter clicked
2016-11-06 21:38:34   INFO [ZaycevMaven.ZaycevMavenProject.ZaycevHomePage] : Passed Text from Bad credentionals message
2016-11-06 21:38:37   INFO [ZaycevMaven.ZaycevMavenProject.ZaycevHomePage] : Driver shuted down
2016-11-06 21:42:44   INFO [ZaycevMaven.ZaycevMavenProject.ZaycevHomePage] : Home page opened
2016-11-06 21:42:45   INFO [ZaycevMaven.ZaycevMavenProject.ZaycevHomePage] : Button Enter clicked
2016-11-06 21:42:45   INFO [ZaycevMaven.ZaycevMavenProject.ZaycevHomePage] : Email entered
2016-11-06 21:42:46   INFO [ZaycevMaven.ZaycevMavenProject.ZaycevHomePage] : Password entered
2016-11-06 21:42:48   INFO [ZaycevMaven.ZaycevMavenProject.ZaycevHomePage] : Entry button Enter clicked
2016-11-06 21:42:48   INFO [ZaycevMaven.ZaycevMavenProject.ZaycevHomePage] : Passed Text from Bad credentionals message
2016-11-06 21:42:51   INFO [ZaycevMaven.ZaycevMavenProject.ZaycevHomePage] : Driver shuted down
2016-11-06 21:47:06   INFO [ZaycevMaven.ZaycevMavenProject.ZaycevHomePage] : Home page opened
2016-11-06 21:47:07   INFO [ZaycevMaven.ZaycevMavenProject.ZaycevHomePage] : Button Enter clicked
2016-11-06 21:47:07   INFO [ZaycevMaven.ZaycevMavenProject.ZaycevHomePage] : Email entered
2016-11-06 21:47:08   INFO [ZaycevMaven.ZaycevMavenProject.ZaycevHomePage] : Password entered
2016-11-06 21:47:09   INFO [ZaycevMaven.ZaycevMavenProject.ZaycevHomePage] : Entry button Enter clicked
2016-11-06 21:47:09   INFO [ZaycevMaven.ZaycevMavenProject.ZaycevHomePage] : Passed Text from Bad credentionals message
2016-11-06 21:47:12   INFO [ZaycevMaven.ZaycevMavenProject.ZaycevHomePage] : Driver shuted down
2016-11-06 23:22:15   INFO [ZaycevMaven.ZaycevMavenProject.ZaycevHomePage] : Home page opened
2016-11-06 23:22:15   INFO [ZaycevMaven.ZaycevMavenProject.ZaycevHomePage] : Button Enter clicked
2016-11-06 23:22:15   INFO [ZaycevMaven.ZaycevMavenProject.ZaycevHomePage] : Email entered
2016-11-06 23:22:16   INFO [ZaycevMaven.ZaycevMavenProject.ZaycevHomePage] : Password entered
2016-11-06 23:22:17   INFO [ZaycevMaven.ZaycevMavenProject.ZaycevHomePage] : Entry button Enter clicked
2016-11-06 23:22:18   INFO [ZaycevMaven.ZaycevMavenProject.ZaycevHomePage] : Message about bad credentionals is displayed
2016-11-06 23:22:18   INFO [ZaycevMaven.ZaycevMavenProject.ZaycevHomePage] : Got message about bad credentionals
2016-11-06 23:22:21   INFO [ZaycevMaven.ZaycevMavenProject.ZaycevHomePage] : Driver shuted down
2016-11-06 23:24:15   INFO [ZaycevMaven.ZaycevMavenProject.ZaycevHomePage] : Home page opened
2016-11-06 23:24:15   INFO [ZaycevMaven.ZaycevMavenProject.ZaycevHomePage] : Button Enter clicked
2016-11-06 23:24:15   INFO [ZaycevMaven.ZaycevMavenProject.ZaycevHomePage] : Email entered
2016-11-06 23:24:16   INFO [ZaycevMaven.ZaycevMavenProject.ZaycevHomePage] : Password entered
2016-11-06 23:24:18   INFO [ZaycevMaven.ZaycevMavenProject.ZaycevHomePage] : Entry button Enter clicked
2016-11-06 23:24:18   INFO [ZaycevMaven.ZaycevMavenProject.ZaycevHomePage] : Message about bad credentionals is displayed
2016-11-06 23:24:18   INFO [ZaycevMaven.ZaycevMavenProject.ZaycevHomePage] : Got message about bad credentionals
2016-11-06 23:24:18   INFO [ZaycevMaven.ZaycevMavenProject.ZaycevHomePage] : Message about bad credentionals is displayed
2016-11-06 23:24:18   INFO [ZaycevMaven.ZaycevMavenProject.ZaycevHomePage] : Got message about bad credentionals
2016-11-06 23:24:21   INFO [ZaycevMaven.ZaycevMavenProject.ZaycevHomePage] : Driver shuted down
2016-11-06 23:32:45   INFO [ZaycevMaven.ZaycevMavenProject.ZaycevHomePage] : Home page opened
2016-11-06 23:32:45   INFO [ZaycevMaven.ZaycevMavenProject.ZaycevHomePage] : Button Enter clicked
2016-11-06 23:32:46   INFO [ZaycevMaven.ZaycevMavenProject.ZaycevHomePage] : Email entered
2016-11-06 23:32:47   INFO [ZaycevMaven.ZaycevMavenProject.ZaycevHomePage] : Password entered
2016-11-06 23:32:48   INFO [ZaycevMaven.ZaycevMavenProject.ZaycevHomePage] : Entry button Enter clicked
2016-11-06 23:32:48   INFO [ZaycevMaven.ZaycevMavenProject.ZaycevHomePage] : Passed Text from Bad credentionals message
2016-11-06 23:32:48   INFO [ZaycevMaven.ZaycevMavenProject.BadCredentialsPage] : Message about bad credentionals is displayed
2016-11-06 23:32:48   INFO [ZaycevMaven.ZaycevMavenProject.BadCredentialsPage] : Got message about bad credentionals
2016-11-06 23:32:51   INFO [ZaycevMaven.ZaycevMavenProject.ZaycevHomePage] : Driver shuted down
2016-11-06 23:34:45  ERROR [ZaycevMaven.ZaycevMavenProject.ZaycevHomePage] : Couldn't open home pageorg.openqa.selenium.remote.UnreachableBrowserException: Error communicating with the remote browser. It may have died.
Build info: version: '2.53.0', revision: '35ae25b1534ae328c771e0856c93e187490ca824', time: '2016-03-15 10:43:46'
System info: host: 'KBP1-LHP-F55891', ip: '192.168.1.21', os.name: 'Windows 7', os.arch: 'amd64', os.version: '6.1', java.version: '1.8.0_77'
Driver info: driver.version: RemoteWebDriver
Capabilities [{applicationCacheEnabled=true, rotatable=false, handlesAlerts=true, databaseEnabled=true, version=46.0, platform=WINDOWS, nativeEvents=false, acceptSslCerts=true, webStorageEnabled=true, locationContextEnabled=true, browserName=firefox, takesScreenshot=true, javascriptEnabled=true, cssSelectorsEnabled=true}]
Session ID: 5295c522-ae92-4f5a-8b98-0772a6f049e7
2016-11-06 23:34:46  ERROR [ZaycevMaven.ZaycevMavenProject.ZaycevHomePage] : Some trouble with Button Enter org.openqa.selenium.remote.UnreachableBrowserException: Error communicating with the remote browser. It may have died.
Build info: version: '2.53.0', revision: '35ae25b1534ae328c771e0856c93e187490ca824', time: '2016-03-15 10:43:46'
System info: host: 'KBP1-LHP-F55891', ip: '192.168.1.21', os.name: 'Windows 7', os.arch: 'amd64', os.version: '6.1', java.version: '1.8.0_77'
Driver info: driver.version: RemoteWebDriver
Capabilities [{applicationCacheEnabled=true, rotatable=false, handlesAlerts=true, databaseEnabled=true, version=46.0, platform=WINDOWS, nativeEvents=false, acceptSslCerts=true, webStorageEnabled=true, locationContextEnabled=true, browserName=firefox, takesScreenshot=true, javascriptEnabled=true, cssSelectorsEnabled=true}]
Session ID: 5295c522-ae92-4f5a-8b98-0772a6f049e7
2016-11-06 23:35:08   INFO [ZaycevMaven.ZaycevMavenProject.ZaycevHomePage] : Home page opened
2016-11-06 23:35:09   INFO [ZaycevMaven.ZaycevMavenProject.ZaycevHomePage] : Button Enter clicked
2016-11-06 23:35:09   INFO [ZaycevMaven.ZaycevMavenProject.ZaycevHomePage] : Email entered
2016-11-06 23:35:10   INFO [ZaycevMaven.ZaycevMavenProject.ZaycevHomePage] : Password entered
2016-11-06 23:35:12   INFO [ZaycevMaven.ZaycevMavenProject.ZaycevHomePage] : Entry button Enter clicked
2016-11-06 23:35:12   INFO [ZaycevMaven.ZaycevMavenProject.ZaycevHomePage] : Passed Text from Bad credentionals message
2016-11-06 23:35:12   INFO [ZaycevMaven.ZaycevMavenProject.BadCredentialsPage] : Message about bad credentionals is displayed
2016-11-06 23:35:12   INFO [ZaycevMaven.ZaycevMavenProject.BadCredentialsPage] : Got message about bad credentionals
2016-11-06 23:35:15   INFO [ZaycevMaven.ZaycevMavenProject.ZaycevHomePage] : Driver shuted down
2016-11-06 23:36:04   INFO [ZaycevMaven.ZaycevMavenProject.ZaycevHomePage] : Home page opened
2016-11-06 23:36:04   INFO [ZaycevMaven.ZaycevMavenProject.ZaycevHomePage] : Button Enter clicked
2016-11-06 23:36:05   INFO [ZaycevMaven.ZaycevMavenProject.ZaycevHomePage] : Email entered
2016-11-06 23:36:06   INFO [ZaycevMaven.ZaycevMavenProject.ZaycevHomePage] : Password entered
2016-11-06 23:36:07   INFO [ZaycevMaven.ZaycevMavenProject.ZaycevHomePage] : Entry button Enter clicked
2016-11-06 23:36:10   INFO [ZaycevMaven.ZaycevMavenProject.ZaycevHomePage] : Driver shuted down
2016-12-06 00:24:02   INFO [ZaycevMaven.ZaycevMavenProject.ZaycevHomePage] : Home page opened
2016-12-06 00:24:03   INFO [ZaycevMaven.ZaycevMavenProject.ZaycevHomePage] : Button Enter clicked
2016-12-06 00:24:03   INFO [ZaycevMaven.ZaycevMavenProject.ZaycevHomePage] : Email entered
2016-12-06 00:24:04   INFO [ZaycevMaven.ZaycevMavenProject.ZaycevHomePage] : Password entered
2016-12-06 00:24:08   INFO [ZaycevMaven.ZaycevMavenProject.ZaycevHomePage] : Entry button Enter clicked
2016-12-06 00:24:08   INFO [ZaycevMaven.ZaycevMavenProject.ZaycevHomePage] : Poisk link clicked
2016-12-06 00:24:11   INFO [ZaycevMaven.ZaycevMavenProject.ZaycevHomePage] : Driver shuted down
2016-12-06 00:26:22   INFO [ZaycevMaven.ZaycevMavenProject.ZaycevHomePage] : Home page opened
2016-12-06 00:26:22   INFO [ZaycevMaven.ZaycevMavenProject.ZaycevHomePage] : Button Enter clicked
2016-12-06 00:26:22   INFO [ZaycevMaven.ZaycevMavenProject.ZaycevHomePage] : Email entered
2016-12-06 00:26:23   INFO [ZaycevMaven.ZaycevMavenProject.ZaycevHomePage] : Password entered
2016-12-06 00:26:30   INFO [ZaycevMaven.ZaycevMavenProject.ZaycevHomePage] : Entry button Enter clicked
2016-12-06 00:26:30   INFO [ZaycevMaven.ZaycevMavenProject.ZaycevHomePage] : Poisk link clicked
2016-12-06 00:26:33   INFO [ZaycevMaven.ZaycevMavenProject.ZaycevHomePage] : Driver shuted down
2016-12-06 00:28:45   INFO [ZaycevMaven.ZaycevMavenProject.ZaycevHomePage] : Home page opened
2016-12-06 00:28:46   INFO [ZaycevMaven.ZaycevMavenProject.ZaycevHomePage] : Button Enter clicked
2016-12-06 00:28:46   INFO [ZaycevMaven.ZaycevMavenProject.ZaycevHomePage] : Email entered
2016-12-06 00:28:47   INFO [ZaycevMaven.ZaycevMavenProject.ZaycevHomePage] : Password entered
2016-12-06 00:29:01   INFO [ZaycevMaven.ZaycevMavenProject.ZaycevHomePage] : Entry button Enter clicked
2016-12-06 00:29:02   INFO [ZaycevMaven.ZaycevMavenProject.ZaycevHomePage] : Poisk link clicked
2016-12-06 00:29:15   INFO [ZaycevMaven.ZaycevMavenProject.ZaycevSearchingPage] : Checkboxu [[FirefoxDriver: firefox on WINDOWS (0e15ba11-cc98-4c53-b1bd-71c4289e28b4)] -> xpath: .//*[@id='mailrusearchonpage']] snyli vidilenie
2016-12-06 00:29:16   INFO [ZaycevMaven.ZaycevMavenProject.ZaycevSearchingPage] : Iskat Button pressed
2016-12-06 00:29:16   INFO [ZaycevMaven.ZaycevMavenProject.ZaycevSearchingPage] : pervaja Pesna vzata
2016-12-06 00:29:21   INFO [ZaycevMaven.ZaycevMavenProject.ZaycevHomePage] : Driver shuted down
2016-12-06 00:30:18   INFO [ZaycevMaven.ZaycevMavenProject.ZaycevHomePage] : Home page opened
2016-12-06 00:30:19   INFO [ZaycevMaven.ZaycevMavenProject.ZaycevHomePage] : Button Enter clicked
2016-12-06 00:30:19   INFO [ZaycevMaven.ZaycevMavenProject.ZaycevHomePage] : Email entered
2016-12-06 00:30:20   INFO [ZaycevMaven.ZaycevMavenProject.ZaycevHomePage] : Password entered
2016-12-06 00:30:25   INFO [ZaycevMaven.ZaycevMavenProject.ZaycevHomePage] : Entry button Enter clicked
2016-12-06 00:30:26   INFO [ZaycevMaven.ZaycevMavenProject.ZaycevHomePage] : Poisk link clicked
2016-12-06 00:30:31   INFO [ZaycevMaven.ZaycevMavenProject.ZaycevSearchingPage] : Checkboxu [[FirefoxDriver: firefox on WINDOWS (f08325ad-a0e5-445f-b3b1-c924825c86b8)] -> xpath: .//*[@id='mailrusearchonpage']] snyli vidilenie
2016-12-06 00:30:40   INFO [ZaycevMaven.ZaycevMavenProject.ZaycevSearchingPage] : Iskat Button pressed
2016-12-06 00:30:40   INFO [ZaycevMaven.ZaycevMavenProject.ZaycevSearchingPage] : pervaja Pesna vzata
2016-12-06 00:30:48   INFO [ZaycevMaven.ZaycevMavenProject.ZaycevHomePage] : Driver shuted down
2016-12-06 00:34:42   INFO [ZaycevMaven.ZaycevMavenProject.ZaycevHomePage] : Home page opened
2016-12-06 00:34:43   INFO [ZaycevMaven.ZaycevMavenProject.ZaycevHomePage] : Button Enter clicked
2016-12-06 00:34:43   INFO [ZaycevMaven.ZaycevMavenProject.ZaycevHomePage] : Email entered
2016-12-06 00:34:44   INFO [ZaycevMaven.ZaycevMavenProject.ZaycevHomePage] : Password entered
2016-12-06 00:34:48   INFO [ZaycevMaven.ZaycevMavenProject.ZaycevHomePage] : Entry button Enter clicked
2016-12-06 00:34:48   INFO [ZaycevMaven.ZaycevMavenProject.ZaycevHomePage] : Poisk link clicked
2016-12-06 00:34:53   INFO [ZaycevMaven.ZaycevMavenProject.ZaycevSearchingPage] : Checkboxu [[FirefoxDriver: firefox on WINDOWS (93f2ced6-6a06-46c4-8d11-d888e7250aa3)] -> xpath: .//*[@id='mailrusearchonpage']] snyli vidilenie
2016-12-06 00:35:05   INFO [ZaycevMaven.ZaycevMavenProject.ZaycevSearchingPage] : Iskat Button pressed
2016-12-06 00:35:05   INFO [ZaycevMaven.ZaycevMavenProject.ZaycevSearchingPage] : pervaja Pesna vzata
2016-12-06 00:35:10   INFO [ZaycevMaven.ZaycevMavenProject.ZaycevHomePage] : Driver shuted down
2016-12-06 00:36:11   INFO [ZaycevMaven.ZaycevMavenProject.ZaycevHomePage] : Home page opened
2016-12-06 00:36:12   INFO [ZaycevMaven.ZaycevMavenProject.ZaycevHomePage] : Button Enter clicked
2016-12-06 00:36:14   INFO [ZaycevMaven.ZaycevMavenProject.ZaycevHomePage] : Email entered
2016-12-06 00:36:15   INFO [ZaycevMaven.ZaycevMavenProject.ZaycevHomePage] : Password entered
2016-12-06 00:36:35   INFO [ZaycevMaven.ZaycevMavenProject.ZaycevHomePage] : Entry button Enter clicked
2016-12-06 00:37:01   INFO [ZaycevMaven.ZaycevMavenProject.ZaycevHomePage] : Home page opened
2016-12-06 00:37:01   INFO [ZaycevMaven.ZaycevMavenProject.ZaycevHomePage] : Button Enter clicked
2016-12-06 00:37:02   INFO [ZaycevMaven.ZaycevMavenProject.ZaycevHomePage] : Email entered
2016-12-06 00:37:03   INFO [ZaycevMaven.ZaycevMavenProject.ZaycevHomePage] : Password entered
2016-12-06 00:38:29   INFO [ZaycevMaven.ZaycevMavenProject.ZaycevHomePage] : Entry button Enter clicked
2016-12-06 00:38:29  ERROR [ZaycevMaven.ZaycevMavenProject.ZaycevHomePage] : Some trouble with pPoisk link org.openqa.selenium.NoSuchWindowException: Window not found. The browser window may have been closed.
Command duration or timeout: 46 milliseconds
Build info: version: '2.53.0', revision: '35ae25b1534ae328c771e0856c93e187490ca824', time: '2016-03-15 10:43:46'
System info: host: 'KBP1-LHP-F55891', ip: '192.168.1.21', os.name: 'Windows 7', os.arch: 'amd64', os.version: '6.1', java.version: '1.8.0_77'
Driver info: org.openqa.selenium.firefox.FirefoxDriver
Capabilities [{applicationCacheEnabled=true, rotatable=false, handlesAlerts=true, databaseEnabled=true, version=46.0, platform=WINDOWS, nativeEvents=false, acceptSslCerts=true, webStorageEnabled=true, locationContextEnabled=true, browserName=firefox, takesScreenshot=true, javascriptEnabled=true, cssSelectorsEnabled=true}]
Session ID: 51a4f836-9957-4b2f-a40b-d28f2b0513d5
*** Element info: {Using=xpath, value=.//*[@id='zina-region-leftmenutop']//li[2]/a}
2016-12-06 00:39:15   INFO [ZaycevMaven.ZaycevMavenProject.ZaycevHomePage] : Home page opened
2016-12-06 00:39:16   INFO [ZaycevMaven.ZaycevMavenProject.ZaycevHomePage] : Button Enter clicked
2016-12-06 00:39:16   INFO [ZaycevMaven.ZaycevMavenProject.ZaycevHomePage] : Email entered
2016-12-06 00:39:17   INFO [ZaycevMaven.ZaycevMavenProject.ZaycevHomePage] : Password entered
2016-12-06 00:39:21   INFO [ZaycevMaven.ZaycevMavenProject.ZaycevHomePage] : Entry button Enter clicked
2016-12-06 00:39:22   INFO [ZaycevMaven.ZaycevMavenProject.ZaycevHomePage] : Poisk link clicked
2016-12-06 00:39:30   INFO [ZaycevMaven.ZaycevMavenProject.ZaycevSearchingPage] : Checkboxu [[FirefoxDriver: firefox on WINDOWS (49b83471-fd16-4521-ab7b-520adafe40d8)] -> xpath: .//*[@id='mailrusearchonpage']] snyli vidilenie
2016-12-06 00:39:35   INFO [ZaycevMaven.ZaycevMavenProject.ZaycevHomePage] : Driver shuted down
2016-12-06 00:40:07   INFO [ZaycevMaven.ZaycevMavenProject.ZaycevHomePage] : Home page opened
2016-12-06 00:40:08   INFO [ZaycevMaven.ZaycevMavenProject.ZaycevHomePage] : Button Enter clicked
2016-12-06 00:40:08   INFO [ZaycevMaven.ZaycevMavenProject.ZaycevHomePage] : Email entered
2016-12-06 00:40:09   INFO [ZaycevMaven.ZaycevMavenProject.ZaycevHomePage] : Password entered
2016-12-06 00:40:15   INFO [ZaycevMaven.ZaycevMavenProject.ZaycevHomePage] : Entry button Enter clicked
2016-12-06 00:40:15   INFO [ZaycevMaven.ZaycevMavenProject.ZaycevHomePage] : Poisk link clicked
2016-12-06 00:40:23   INFO [ZaycevMaven.ZaycevMavenProject.ZaycevSearchingPage] : Checkboxu [[FirefoxDriver: firefox on WINDOWS (9b0c56fb-523c-433e-bf1b-e48b1eb896d8)] -> xpath: .//*[@id='mailrusearchonpage']] snyli vidilenie
2016-12-06 00:40:34   INFO [ZaycevMaven.ZaycevMavenProject.ZaycevSearchingPage] : Iskat Button pressed
2016-12-06 00:40:40   INFO [ZaycevMaven.ZaycevMavenProject.ZaycevHomePage] : Driver shuted down
2016-12-06 00:45:45   INFO [ZaycevMaven.ZaycevMavenProject.ZaycevHomePage] : Home page opened
2016-12-06 00:45:45   INFO [ZaycevMaven.ZaycevMavenProject.ZaycevHomePage] : Button Enter clicked
2016-12-06 00:45:46   INFO [ZaycevMaven.ZaycevMavenProject.ZaycevHomePage] : Email entered
2016-12-06 00:45:47   INFO [ZaycevMaven.ZaycevMavenProject.ZaycevHomePage] : Password entered
2016-12-06 00:45:52   INFO [ZaycevMaven.ZaycevMavenProject.ZaycevHomePage] : Entry button Enter clicked
2016-12-06 00:45:52   INFO [ZaycevMaven.ZaycevMavenProject.ZaycevHomePage] : Poisk link clicked
2016-12-06 00:46:00   INFO [ZaycevMaven.ZaycevMavenProject.ZaycevSearchingPage] : Checkboxu [[FirefoxDriver: firefox on WINDOWS (6b9b5a19-8b99-4731-a52d-c3fdb8c4dad5)] -> xpath: .//*[@id='mailrusearchonpage']] snyli vidilenie
2016-12-06 00:46:10   INFO [ZaycevMaven.ZaycevMavenProject.ZaycevSearchingPage] : Iskat Button pressed
2016-12-06 00:46:10   INFO [ZaycevMaven.ZaycevMavenProject.ZaycevSearchingPage] : pervaja Pesna vzata
2016-12-06 00:46:15   INFO [ZaycevMaven.ZaycevMavenProject.ZaycevHomePage] : Driver shuted down
2016-12-06 15:07:03   INFO [ZaycevMaven.ZaycevMavenProject.ZaycevHomePage] : Home page opened
2016-12-06 15:07:04   INFO [ZaycevMaven.ZaycevMavenProject.ZaycevHomePage] : Button Enter clicked
2016-12-06 15:07:04   INFO [ZaycevMaven.ZaycevMavenProject.ZaycevHomePage] : Email entered
2016-12-06 15:07:05   INFO [ZaycevMaven.ZaycevMavenProject.ZaycevHomePage] : Password entered
2016-12-06 15:07:08   INFO [ZaycevMaven.ZaycevMavenProject.ZaycevHomePage] : Entry button Enter clicked
2016-12-06 15:07:09   INFO [ZaycevMaven.ZaycevMavenProject.ZaycevHomePage] : Poisk link clicked
2016-12-06 15:07:15   INFO [ZaycevMaven.ZaycevMavenProject.ZaycevSearchingPage] : Checkboxu [[FirefoxDriver: firefox on WINDOWS (f6d9a182-d432-4ab2-9bbb-f413bd7351e2)] -> xpath: .//*[@id='mailrusearchonpage']] snyli vidilenie
2016-12-06 15:07:26   INFO [ZaycevMaven.ZaycevMavenProject.ZaycevSearchingPage] : Iskat Button pressed
2016-12-06 15:07:42  ERROR [ZaycevMaven.ZaycevMavenProject.ZaycevSearchingPage] : Error with Download First Button org.openqa.selenium.ElementNotVisibleException: Element is not currently visible and so may not be interacted with
Command duration or timeout: 15.05 seconds
Build info: version: '2.53.0', revision: '35ae25b1534ae328c771e0856c93e187490ca824', time: '2016-03-15 10:43:46'
System info: host: 'KBP1-LHP-F55891', ip: '192.168.1.21', os.name: 'Windows 7', os.arch: 'amd64', os.version: '6.1', java.version: '1.8.0_77'
Driver info: org.openqa.selenium.firefox.FirefoxDriver
Capabilities [{applicationCacheEnabled=true, rotatable=false, handlesAlerts=true, databaseEnabled=true, version=46.0, platform=WINDOWS, nativeEvents=false, acceptSslCerts=true, webStorageEnabled=true, locationContextEnabled=true, browserName=firefox, takesScreenshot=true, javascriptEnabled=true, cssSelectorsEnabled=true}]
Session ID: f6d9a182-d432-4ab2-9bbb-f413bd7351e2
2016-12-06 15:07:49   INFO [ZaycevMaven.ZaycevMavenProject.ZaycevHomePage] : Driver shuted down
2016-12-06 15:20:22   INFO [ZaycevMaven.ZaycevMavenProject.ZaycevHomePage] : Home page opened
2016-12-06 15:20:23   INFO [ZaycevMaven.ZaycevMavenProject.ZaycevHomePage] : Button Enter clicked
2016-12-06 15:20:24   INFO [ZaycevMaven.ZaycevMavenProject.ZaycevHomePage] : Email entered
2016-12-06 15:20:24   INFO [ZaycevMaven.ZaycevMavenProject.ZaycevHomePage] : Password entered
2016-12-06 15:20:27   INFO [ZaycevMaven.ZaycevMavenProject.ZaycevHomePage] : Entry button Enter clicked
2016-12-06 15:20:28   INFO [ZaycevMaven.ZaycevMavenProject.ZaycevHomePage] : Poisk link clicked
2016-12-06 15:20:34   INFO [ZaycevMaven.ZaycevMavenProject.ZaycevSearchingPage] : Checkboxu [[FirefoxDriver: firefox on WINDOWS (e436d1fa-7716-4635-adbc-aa94a8b6059f)] -> xpath: .//*[@id='mailrusearchonpage']] snyli vidilenie
2016-12-06 15:20:44   INFO [ZaycevMaven.ZaycevMavenProject.ZaycevSearchingPage] : Iskat Button pressed
2016-12-06 15:20:50   INFO [ZaycevMaven.ZaycevMavenProject.ZaycevHomePage] : Driver shuted down
2016-12-06 15:24:03   INFO [ZaycevMaven.ZaycevMavenProject.ZaycevHomePage] : Home page opened
2016-12-06 15:24:03   INFO [ZaycevMaven.ZaycevMavenProject.ZaycevHomePage] : Button Enter clicked
2016-12-06 15:24:03   INFO [ZaycevMaven.ZaycevMavenProject.ZaycevHomePage] : Email entered
2016-12-06 15:24:05   INFO [ZaycevMaven.ZaycevMavenProject.ZaycevHomePage] : Password entered
2016-12-06 15:24:08   INFO [ZaycevMaven.ZaycevMavenProject.ZaycevHomePage] : Entry button Enter clicked
2016-12-06 15:24:08   INFO [ZaycevMaven.ZaycevMavenProject.ZaycevHomePage] : Poisk link clicked
2016-12-06 15:24:14   INFO [ZaycevMaven.ZaycevMavenProject.ZaycevSearchingPage] : Checkboxu [[FirefoxDriver: firefox on WINDOWS (7132c49f-496b-449c-8152-1492982dc880)] -> xpath: .//*[@id='mailrusearchonpage']] snyli vidilenie
2016-12-06 15:24:22   INFO [ZaycevMaven.ZaycevMavenProject.ZaycevSearchingPage] : Iskat Button pressed
2016-12-06 15:24:22   INFO [ZaycevMaven.ZaycevMavenProject.ZaycevSearchingPage] : Download First Song Button pressed
2016-12-06 15:24:28   INFO [ZaycevMaven.ZaycevMavenProject.ZaycevHomePage] : Driver shuted down
2016-12-06 15:52:48   INFO [ZaycevMaven.ZaycevMavenProject.ZaycevHomePage] : Home page opened
2016-12-06 15:52:48   INFO [ZaycevMaven.ZaycevMavenProject.ZaycevHomePage] : Button Enter clicked
2016-12-06 15:52:48   INFO [ZaycevMaven.ZaycevMavenProject.ZaycevHomePage] : Email entered
2016-12-06 15:52:49   INFO [ZaycevMaven.ZaycevMavenProject.ZaycevHomePage] : Password entered
2016-12-06 15:52:53   INFO [ZaycevMaven.ZaycevMavenProject.ZaycevHomePage] : Entry button Enter clicked
2016-12-06 15:52:53   INFO [ZaycevMaven.ZaycevMavenProject.ZaycevHomePage] : Poisk link clicked
2016-12-06 15:52:59   INFO [ZaycevMaven.ZaycevMavenProject.ZaycevSearchingPage] : Checkboxu [[FirefoxDriver: firefox on WINDOWS (28d7b8a6-7d70-4c17-ba80-92a658f5d06d)] -> xpath: .//*[@id='mailrusearchonpage']] snyli vidilenie
2016-12-06 15:53:08   INFO [ZaycevMaven.ZaycevMavenProject.ZaycevSearchingPage] : Iskat Button pressed
2016-12-06 15:53:08   INFO [ZaycevMaven.ZaycevMavenProject.ZaycevSearchingPage] : Play First Song Button pressed
2016-12-06 15:53:13   INFO [ZaycevMaven.ZaycevMavenProject.ZaycevHomePage] : Driver shuted down
2016-12-06 16:08:41   INFO [ZaycevMaven.ZaycevMavenProject.ZaycevHomePage] : Home page opened
2016-12-06 16:08:42   INFO [ZaycevMaven.ZaycevMavenProject.ZaycevHomePage] : Button Enter clicked
2016-12-06 16:08:42   INFO [ZaycevMaven.ZaycevMavenProject.ZaycevHomePage] : Email entered
2016-12-06 16:08:43   INFO [ZaycevMaven.ZaycevMavenProject.ZaycevHomePage] : Password entered
2016-12-06 16:08:46   INFO [ZaycevMaven.ZaycevMavenProject.ZaycevHomePage] : Entry button Enter clicked
2016-12-06 16:08:46   INFO [ZaycevMaven.ZaycevMavenProject.ZaycevHomePage] : Poisk link clicked
2016-12-06 16:08:52   INFO [ZaycevMaven.ZaycevMavenProject.ZaycevSearchingPage] : Checkboxu [[FirefoxDriver: firefox on WINDOWS (7e966de3-fdfd-4d23-9362-8fc67d8b3308)] -> xpath: .//*[@id='mailrusearchonpage']] snyli vidilenie
2016-12-06 16:08:53   INFO [ZaycevMaven.ZaycevMavenProject.ZaycevSearchingPage] : Iskat Button pressed
2016-12-06 16:09:02   INFO [ZaycevMaven.ZaycevMavenProject.ZaycevSearchingPage] : Play First Song Button pressed
2016-12-06 16:09:02   INFO [ZaycevMaven.ZaycevMavenProject.ZaycevSearchingPage] : First song is playinnig progress bar displayed
2016-12-06 16:09:02  ERROR [ZaycevMaven.ZaycevMavenProject.ZaycevSearchingPage] : First song is playinnig progress bar isn't displayedorg.openqa.selenium.InvalidSelectorException: The given selector //div[@class='musicset-progress__buffered']] is either invalid or does not result in a WebElement. The following error occurred:
InvalidSelectorError: Unable to locate an element with the xpath expression //div[@class='musicset-progress__buffered']] because of the following error:
SyntaxError: The expression is not a legal expression.
Command duration or timeout: 134 milliseconds
For documentation on this error, please visit: http://seleniumhq.org/exceptions/invalid_selector_exception.html
Build info: version: '2.53.0', revision: '35ae25b1534ae328c771e0856c93e187490ca824', time: '2016-03-15 10:43:46'
System info: host: 'KBP1-LHP-F55891', ip: '192.168.1.21', os.name: 'Windows 7', os.arch: 'amd64', os.version: '6.1', java.version: '1.8.0_77'
Driver info: org.openqa.selenium.firefox.FirefoxDriver
Capabilities [{applicationCacheEnabled=true, rotatable=false, handlesAlerts=true, databaseEnabled=true, version=46.0, platform=WINDOWS, nativeEvents=false, acceptSslCerts=true, webStorageEnabled=true, locationContextEnabled=true, browserName=firefox, takesScreenshot=true, javascriptEnabled=true, cssSelectorsEnabled=true}]
Session ID: 7e966de3-fdfd-4d23-9362-8fc67d8b3308
*** Element info: {Using=xpath, value=//div[@class='musicset-progress__buffered']]}
2016-12-06 16:09:07   INFO [ZaycevMaven.ZaycevMavenProject.ZaycevHomePage] : Driver shuted down
2016-12-06 16:11:46   INFO [ZaycevMaven.ZaycevMavenProject.ZaycevHomePage] : Home page opened
2016-12-06 16:11:47   INFO [ZaycevMaven.ZaycevMavenProject.ZaycevHomePage] : Button Enter clicked
2016-12-06 16:11:47   INFO [ZaycevMaven.ZaycevMavenProject.ZaycevHomePage] : Email entered
2016-12-06 16:11:48   INFO [ZaycevMaven.ZaycevMavenProject.ZaycevHomePage] : Password entered
2016-12-06 16:11:51   INFO [ZaycevMaven.ZaycevMavenProject.ZaycevHomePage] : Entry button Enter clicked
2016-12-06 16:11:51   INFO [ZaycevMaven.ZaycevMavenProject.ZaycevHomePage] : Poisk link clicked
2016-12-06 16:11:57   INFO [ZaycevMaven.ZaycevMavenProject.ZaycevSearchingPage] : Checkboxu [[FirefoxDriver: firefox on WINDOWS (5139351a-707c-4059-b5b0-04d58a7627ee)] -> xpath: .//*[@id='mailrusearchonpage']] snyli vidilenie
2016-12-06 16:12:07   INFO [ZaycevMaven.ZaycevMavenProject.ZaycevSearchingPage] : Iskat Button pressed
2016-12-06 16:12:07   INFO [ZaycevMaven.ZaycevMavenProject.ZaycevSearchingPage] : Play First Song Button pressed
2016-12-06 16:12:07   INFO [ZaycevMaven.ZaycevMavenProject.ZaycevSearchingPage] : First song is playinnig progress bar displayed
2016-12-06 16:12:12   INFO [ZaycevMaven.ZaycevMavenProject.ZaycevHomePage] : Driver shuted down
2016-12-06 16:19:43   INFO [ZaycevMaven.ZaycevMavenProject.ZaycevHomePage] : Home page opened
2016-12-06 16:19:44   INFO [ZaycevMaven.ZaycevMavenProject.ZaycevHomePage] : Button Enter clicked
2016-12-06 16:19:44   INFO [ZaycevMaven.ZaycevMavenProject.ZaycevHomePage] : Email entered
2016-12-06 16:19:45   INFO [ZaycevMaven.ZaycevMavenProject.ZaycevHomePage] : Password entered
2016-12-06 16:19:48   INFO [ZaycevMaven.ZaycevMavenProject.ZaycevHomePage] : Entry button Enter clicked
2016-12-06 16:19:48   INFO [ZaycevMaven.ZaycevMavenProject.ZaycevHomePage] : Poisk link clicked
2016-12-06 16:19:54   INFO [ZaycevMaven.ZaycevMavenProject.ZaycevSearchingPage] : Checkboxu [[FirefoxDriver: firefox on WINDOWS (0b804ab9-7859-475f-9408-f246418035ae)] -> xpath: .//*[@id='mailrusearchonpage']] snyli vidilenie
2016-12-06 16:19:55   INFO [ZaycevMaven.ZaycevMavenProject.ZaycevSearchingPage] : Iskat Button pressed
2016-12-06 16:20:00   INFO [ZaycevMaven.ZaycevMavenProject.ZaycevSearchingPage] : Play First Song Button pressed
2016-12-06 16:20:01   INFO [ZaycevMaven.ZaycevMavenProject.ZaycevSearchingPage] : First song is playinnig progress bar displayed
2016-12-06 16:20:05   INFO [ZaycevMaven.ZaycevMavenProject.ZaycevHomePage] : Driver shuted down
2016-12-06 16:20:50   INFO [ZaycevMaven.ZaycevMavenProject.ZaycevHomePage] : Home page opened
2016-12-06 16:20:50   INFO [ZaycevMaven.ZaycevMavenProject.ZaycevHomePage] : Button Enter clicked
2016-12-06 16:20:51   INFO [ZaycevMaven.ZaycevMavenProject.ZaycevHomePage] : Email entered
2016-12-06 16:20:52   INFO [ZaycevMaven.ZaycevMavenProject.ZaycevHomePage] : Password entered
2016-12-06 16:20:55   INFO [ZaycevMaven.ZaycevMavenProject.ZaycevHomePage] : Entry button Enter clicked
2016-12-06 16:20:55   INFO [ZaycevMaven.ZaycevMavenProject.ZaycevHomePage] : Poisk link clicked
2016-12-06 16:21:01   INFO [ZaycevMaven.ZaycevMavenProject.ZaycevSearchingPage] : Checkboxu [[FirefoxDriver: firefox on WINDOWS (688e7521-3d50-479b-b897-d5fb0bbbc17b)] -> xpath: .//*[@id='mailrusearchonpage']] snyli vidilenie
2016-12-06 16:21:06   INFO [ZaycevMaven.ZaycevMavenProject.ZaycevSearchingPage] : Iskat Button pressed
2016-12-06 16:21:06   INFO [ZaycevMaven.ZaycevMavenProject.ZaycevSearchingPage] : First song is playinnig progress bar displayed
2016-12-06 16:21:10   INFO [ZaycevMaven.ZaycevMavenProject.ZaycevHomePage] : Driver shuted down
2016-12-06 16:24:31   INFO [ZaycevMaven.ZaycevMavenProject.ZaycevHomePage] : Home page opened
2016-12-06 16:24:32   INFO [ZaycevMaven.ZaycevMavenProject.ZaycevHomePage] : Button Enter clicked
2016-12-06 16:24:32   INFO [ZaycevMaven.ZaycevMavenProject.ZaycevHomePage] : Email entered
2016-12-06 16:24:33   INFO [ZaycevMaven.ZaycevMavenProject.ZaycevHomePage] : Password entered
2016-12-06 16:24:34   INFO [ZaycevMaven.ZaycevMavenProject.ZaycevHomePage] : Entry button Enter clicked
2016-12-06 16:24:34   INFO [ZaycevMaven.ZaycevMavenProject.ZaycevHomePage] : Passed Text from Bad credentionals message
2016-12-06 16:24:35   INFO [ZaycevMaven.ZaycevMavenProject.ZaycevBadCredentialsPage] : Message about bad credentionals is displayed
2016-12-06 16:24:35   INFO [ZaycevMaven.ZaycevMavenProject.ZaycevBadCredentialsPage] : Got message about bad credentionals
2016-12-06 16:24:38   INFO [ZaycevMaven.ZaycevMavenProject.ZaycevHomePage] : Driver shuted down
2016-12-06 16:24:52   INFO [ZaycevMaven.ZaycevMavenProject.ZaycevHomePage] : Home page opened
2016-12-06 16:24:53   INFO [ZaycevMaven.ZaycevMavenProject.ZaycevHomePage] : Button Enter clicked
2016-12-06 16:24:53   INFO [ZaycevMaven.ZaycevMavenProject.ZaycevHomePage] : Email entered
2016-12-06 16:24:54   INFO [ZaycevMaven.ZaycevMavenProject.ZaycevHomePage] : Password entered
2016-12-06 16:24:57   INFO [ZaycevMaven.ZaycevMavenProject.ZaycevHomePage] : Entry button Enter clicked
2016-12-06 16:24:57   INFO [ZaycevMaven.ZaycevMavenProject.ZaycevHomePage] : Poisk link clicked
2016-12-06 16:25:03   INFO [ZaycevMaven.ZaycevMavenProject.ZaycevSearchingPage] : Checkboxu [[FirefoxDriver: firefox on WINDOWS (6a7b2426-c3c8-4b86-8eab-5c1085b676c9)] -> xpath: .//*[@id='mailrusearchonpage']] snyli vidilenie
2016-12-06 16:25:09   INFO [ZaycevMaven.ZaycevMavenProject.ZaycevSearchingPage] : Iskat Button pressed
2016-12-06 16:25:10   INFO [ZaycevMaven.ZaycevMavenProject.ZaycevSearchingPage] : Play First Song Button pressed
2016-12-06 16:25:10   INFO [ZaycevMaven.ZaycevMavenProject.ZaycevSearchingPage] : First song is playinnig progress bar displayed
2016-12-06 16:25:14   INFO [ZaycevMaven.ZaycevMavenProject.ZaycevHomePage] : Driver shuted down
2016-12-06 16:25:29   INFO [ZaycevMaven.ZaycevMavenProject.ZaycevHomePage] : Home page opened
2016-12-06 16:25:29   INFO [ZaycevMaven.ZaycevMavenProject.ZaycevHomePage] : Button Enter clicked
2016-12-06 16:25:29   INFO [ZaycevMaven.ZaycevMavenProject.ZaycevHomePage] : Email entered
2016-12-06 16:25:30   INFO [ZaycevMaven.ZaycevMavenProject.ZaycevHomePage] : Password entered
2016-12-06 16:25:33   INFO [ZaycevMaven.ZaycevMavenProject.ZaycevHomePage] : Entry button Enter clicked
2016-12-06 16:25:34   INFO [ZaycevMaven.ZaycevMavenProject.ZaycevHomePage] : Poisk link clicked
2016-12-06 16:25:39   INFO [ZaycevMaven.ZaycevMavenProject.ZaycevSearchingPage] : Checkboxu [[FirefoxDriver: firefox on WINDOWS (0af3eddb-225e-4a91-b94b-098babf3c842)] -> xpath: .//*[@id='mailrusearchonpage']] snyli vidilenie
2016-12-06 16:25:40   INFO [ZaycevMaven.ZaycevMavenProject.ZaycevSearchingPage] : Iskat Button pressed
2016-12-06 16:25:51   INFO [ZaycevMaven.ZaycevMavenProject.ZaycevSearchingPage] : Download First Song Button pressed
2016-12-06 16:25:56   INFO [ZaycevMaven.ZaycevMavenProject.ZaycevHomePage] : Driver shuted down
2016-12-06 16:26:10   INFO [ZaycevMaven.ZaycevMavenProject.ZaycevHomePage] : Home page opened
2016-12-06 16:26:11   INFO [ZaycevMaven.ZaycevMavenProject.ZaycevHomePage] : Button Enter clicked
2016-12-06 16:26:11   INFO [ZaycevMaven.ZaycevMavenProject.ZaycevHomePage] : Email entered
2016-12-06 16:26:12   INFO [ZaycevMaven.ZaycevMavenProject.ZaycevHomePage] : Password entered
2016-12-06 16:26:15   INFO [ZaycevMaven.ZaycevMavenProject.ZaycevHomePage] : Entry button Enter clicked
2016-12-06 16:26:15   INFO [ZaycevMaven.ZaycevMavenProject.ZaycevHomePage] : Got text from UserNam
2016-12-06 16:26:19   INFO [ZaycevMaven.ZaycevMavenProject.ZaycevHomePage] : Driver shuted down
2016-12-06 16:26:33   INFO [ZaycevMaven.ZaycevMavenProject.ZaycevHomePage] : Home page opened
2016-12-06 16:26:33   INFO [ZaycevMaven.ZaycevMavenProject.ZaycevHomePage] : Button Enter clicked
2016-12-06 16:26:34   INFO [ZaycevMaven.ZaycevMavenProject.ZaycevHomePage] : Email entered
2016-12-06 16:26:35   INFO [ZaycevMaven.ZaycevMavenProject.ZaycevHomePage] : Password entered
2016-12-06 16:26:38   INFO [ZaycevMaven.ZaycevMavenProject.ZaycevHomePage] : Entry button Enter clicked
2016-12-06 16:26:38   INFO [ZaycevMaven.ZaycevMavenProject.ZaycevHomePage] : Poisk link clicked
2016-12-06 16:26:44   INFO [ZaycevMaven.ZaycevMavenProject.ZaycevSearchingPage] : Checkboxu [[FirefoxDriver: firefox on WINDOWS (c7b5386f-2ac4-4419-88c2-5135368ec2a8)] -> xpath: .//*[@id='mailrusearchonpage']] snyli vidilenie
2016-12-06 16:26:51   INFO [ZaycevMaven.ZaycevMavenProject.ZaycevSearchingPage] : Iskat Button pressed
2016-12-06 16:26:51   INFO [ZaycevMaven.ZaycevMavenProject.ZaycevSearchingPage] : pervaja Pesna vzata
2016-12-06 16:26:56   INFO [ZaycevMaven.ZaycevMavenProject.ZaycevHomePage] : Driver shuted down
2016-12-06 17:53:04   INFO [ZaycevMaven.ZaycevMavenProject.ZaycevHomePage] : Home page opened
2016-12-06 17:53:04   INFO [ZaycevMaven.ZaycevMavenProject.ZaycevHomePage] : Button Enter clicked
2016-12-06 17:53:04   INFO [ZaycevMaven.ZaycevMavenProject.ZaycevHomePage] : Email entered
2016-12-06 17:53:05   INFO [ZaycevMaven.ZaycevMavenProject.ZaycevHomePage] : Password entered
2016-12-06 17:53:09   INFO [ZaycevMaven.ZaycevMavenProject.ZaycevHomePage] : Entry button Enter clicked
2016-12-06 17:53:10   INFO [ZaycevMaven.ZaycevMavenProject.ZaycevHomePage] : Poisk link clicked
2016-12-06 17:53:18   INFO [ZaycevMaven.ZaycevMavenProject.ZaycevSearchingPage] : Checkboxu [[FirefoxDriver: firefox on WINDOWS (8ac5d799-c006-4022-bd70-1516809763af)] -> xpath: .//*[@id='mailrusearchonpage']] snyli vidilenie
2016-12-06 17:53:26   INFO [ZaycevMaven.ZaycevMavenProject.ZaycevSearchingPage] : Iskat Button pressed
2016-12-06 17:53:26   INFO [ZaycevMaven.ZaycevMavenProject.ZaycevSearchingPage] : First Song highlighted
2016-12-06 17:53:33   INFO [ZaycevMaven.ZaycevMavenProject.ZaycevHomePage] : Driver shuted down
2016-12-06 17:54:40   INFO [ZaycevMaven.ZaycevMavenProject.ZaycevHomePage] : Home page opened
2016-12-06 17:54:41   INFO [ZaycevMaven.ZaycevMavenProject.ZaycevHomePage] : Button Enter clicked
2016-12-06 17:54:41   INFO [ZaycevMaven.ZaycevMavenProject.ZaycevHomePage] : Email entered
2016-12-06 17:54:42   INFO [ZaycevMaven.ZaycevMavenProject.ZaycevHomePage] : Password entered
2016-12-06 17:54:46   INFO [ZaycevMaven.ZaycevMavenProject.ZaycevHomePage] : Entry button Enter clicked
2016-12-06 17:54:47   INFO [ZaycevMaven.ZaycevMavenProject.ZaycevHomePage] : Poisk link clicked
2016-12-06 17:54:54   INFO [ZaycevMaven.ZaycevMavenProject.ZaycevSearchingPage] : Checkboxu [[FirefoxDriver: firefox on WINDOWS (de1c5e68-11ff-43e4-94f7-573abd557f05)] -> xpath: .//*[@id='mailrusearchonpage']] snyli vidilenie
2016-12-06 17:55:05   INFO [ZaycevMaven.ZaycevMavenProject.ZaycevSearchingPage] : Iskat Button pressed
2016-12-06 17:55:05   INFO [ZaycevMaven.ZaycevMavenProject.ZaycevSearchingPage] : First Song highlighted
2016-12-06 17:55:12   INFO [ZaycevMaven.ZaycevMavenProject.ZaycevHomePage] : Driver shuted down
2016-12-06 17:59:46   INFO [ZaycevMaven.ZaycevMavenProject.ZaycevHomePage] : Home page opened
2016-12-06 17:59:47   INFO [ZaycevMaven.ZaycevMavenProject.ZaycevHomePage] : Button Enter clicked
2016-12-06 17:59:47   INFO [ZaycevMaven.ZaycevMavenProject.ZaycevHomePage] : Email entered
2016-12-06 17:59:48   INFO [ZaycevMaven.ZaycevMavenProject.ZaycevHomePage] : Password entered
2016-12-06 17:59:53   INFO [ZaycevMaven.ZaycevMavenProject.ZaycevHomePage] : Entry button Enter clicked
2016-12-06 17:59:53   INFO [ZaycevMaven.ZaycevMavenProject.ZaycevHomePage] : Poisk link clicked
2016-12-06 18:00:02   INFO [ZaycevMaven.ZaycevMavenProject.ZaycevSearchingPage] : Checkboxu [[FirefoxDriver: firefox on WINDOWS (2c52bf0e-e09a-4070-b08e-ba2fd6665905)] -> xpath: .//*[@id='mailrusearchonpage']] snyli vidilenie
2016-12-06 18:00:14   INFO [ZaycevMaven.ZaycevMavenProject.ZaycevSearchingPage] : Iskat Button pressed
2016-12-06 18:00:14   INFO [ZaycevMaven.ZaycevMavenProject.ZaycevSearchingPage] : First Song highlighted
2016-12-06 18:00:21   INFO [ZaycevMaven.ZaycevMavenProject.ZaycevHomePage] : Driver shuted down
2016-12-06 18:02:49   INFO [ZaycevMaven.ZaycevMavenProject.ZaycevHomePage] : Home page opened
2016-12-06 18:02:49   INFO [ZaycevMaven.ZaycevMavenProject.ZaycevHomePage] : Button Enter clicked
2016-12-06 18:02:49   INFO [ZaycevMaven.ZaycevMavenProject.ZaycevHomePage] : Email entered
2016-12-06 18:02:51   INFO [ZaycevMaven.ZaycevMavenProject.ZaycevHomePage] : Password entered
2016-12-06 18:02:54   INFO [ZaycevMaven.ZaycevMavenProject.ZaycevHomePage] : Entry button Enter clicked
2016-12-06 18:02:55   INFO [ZaycevMaven.ZaycevMavenProject.ZaycevHomePage] : Poisk link clicked
2016-12-06 18:03:03   INFO [ZaycevMaven.ZaycevMavenProject.ZaycevSearchingPage] : Checkboxu [[FirefoxDriver: firefox on WINDOWS (0914c918-e63a-45f9-ab3f-64a08ff8c106)] -> xpath: .//*[@id='mailrusearchonpage']] snyli vidilenie
2016-12-06 18:03:14   INFO [ZaycevMaven.ZaycevMavenProject.ZaycevSearchingPage] : Iskat Button pressed
2016-12-06 18:03:14   INFO [ZaycevMaven.ZaycevMavenProject.ZaycevSearchingPage] : First Song highlighted
2016-12-06 18:03:22   INFO [ZaycevMaven.ZaycevMavenProject.ZaycevHomePage] : Driver shuted down
2016-12-06 18:04:19   INFO [ZaycevMaven.ZaycevMavenProject.ZaycevHomePage] : Home page opened
2016-12-06 18:04:19   INFO [ZaycevMaven.ZaycevMavenProject.ZaycevHomePage] : Button Enter clicked
2016-12-06 18:04:20   INFO [ZaycevMaven.ZaycevMavenProject.ZaycevHomePage] : Email entered
2016-12-06 18:04:21   INFO [ZaycevMaven.ZaycevMavenProject.ZaycevHomePage] : Password entered
2016-12-06 18:04:25   INFO [ZaycevMaven.ZaycevMavenProject.ZaycevHomePage] : Entry button Enter clicked
2016-12-06 18:04:25   INFO [ZaycevMaven.ZaycevMavenProject.ZaycevHomePage] : Poisk link clicked
2016-12-06 18:04:34   INFO [ZaycevMaven.ZaycevMavenProject.ZaycevSearchingPage] : Checkboxu [[FirefoxDriver: firefox on WINDOWS (4a76c710-b629-4958-9623-be61337c5d91)] -> xpath: .//*[@id='mailrusearchonpage']] snyli vidilenie
2016-12-06 18:04:35   INFO [ZaycevMaven.ZaycevMavenProject.ZaycevSearchingPage] : Iskat Button pressed
2016-12-06 18:04:35   INFO [ZaycevMaven.ZaycevMavenProject.ZaycevSearchingPage] : First Song highlighted
2016-12-06 18:13:32   INFO [ZaycevMaven.ZaycevMavenProject.ZaycevHomePage] : Home page opened
2016-12-06 18:13:32   INFO [ZaycevMaven.ZaycevMavenProject.ZaycevHomePage] : Button Enter clicked
2016-12-06 18:13:33   INFO [ZaycevMaven.ZaycevMavenProject.ZaycevHomePage] : Email entered
2016-12-06 18:13:34   INFO [ZaycevMaven.ZaycevMavenProject.ZaycevHomePage] : Password entered
2016-12-06 18:13:37   INFO [ZaycevMaven.ZaycevMavenProject.ZaycevHomePage] : Entry button Enter clicked
2016-12-06 18:13:38   INFO [ZaycevMaven.ZaycevMavenProject.ZaycevHomePage] : Poisk link clicked
2016-12-06 18:13:46   INFO [ZaycevMaven.ZaycevMavenProject.ZaycevSearchingPage] : Checkboxu [[FirefoxDriver: firefox on WINDOWS (0d596179-905b-4126-b04d-c7c143cb9e4c)] -> xpath: .//*[@id='mailrusearchonpage']] snyli vidilenie
2016-12-06 18:13:56   INFO [ZaycevMaven.ZaycevMavenProject.ZaycevSearchingPage] : Iskat Button pressed
2016-12-06 18:13:56   INFO [ZaycevMaven.ZaycevMavenProject.ZaycevSearchingPage] : First Song highlighted
2016-12-06 18:14:05   INFO [ZaycevMaven.ZaycevMavenProject.ZaycevHomePage] : Driver shuted down
2016-15-06 21:38:33   INFO [ZaycevMaven.ZaycevMavenProject.ZaycevHomePage] : Home page opened
2016-15-06 21:38:33   INFO [ZaycevMaven.ZaycevMavenProject.ZaycevHomePage] : Button Enter clicked
2016-15-06 21:38:34   INFO [ZaycevMaven.ZaycevMavenProject.ZaycevHomePage] : Email entered
2016-15-06 21:38:35   INFO [ZaycevMaven.ZaycevMavenProject.ZaycevHomePage] : Password entered
2016-15-06 21:38:43   INFO [ZaycevMaven.ZaycevMavenProject.ZaycevHomePage] : Entry button Enter clicked
2016-15-06 21:38:43   INFO [ZaycevMaven.ZaycevMavenProject.ZaycevHomePage] : Got text from UserNam
2016-15-06 21:38:47   INFO [ZaycevMaven.ZaycevMavenProject.ZaycevHomePage] : Driver shuted down
2016-18-06 17:58:39   INFO [ZaycevMaven.ZaycevMavenProject.ZaycevHomePage] : Home page opened
2016-18-06 17:58:39   INFO [ZaycevMaven.ZaycevMavenProject.ZaycevHomePage] : Button Enter clicked
2016-18-06 17:58:40   INFO [ZaycevMaven.ZaycevMavenProject.ZaycevHomePage] : Email entered
2016-18-06 17:58:41   INFO [ZaycevMaven.ZaycevMavenProject.ZaycevHomePage] : Password entered
2016-18-06 17:58:44   INFO [ZaycevMaven.ZaycevMavenProject.ZaycevHomePage] : Entry button Enter clicked
2016-18-06 17:58:44   INFO [ZaycevMaven.ZaycevMavenProject.ZaycevHomePage] : Poisk link clicked
2016-18-06 17:59:09   INFO [ZaycevMaven.ZaycevMavenProject.ZaycevSearchingPage] : Checkboxu [[FirefoxDriver: firefox on WINDOWS (8f5ccd57-84a5-4efb-a548-ceef57f3831b)] -> xpath: .//*[@id='mailrusearchonpage']] snyli vidilenie
2016-18-06 17:59:10   INFO [ZaycevMaven.ZaycevMavenProject.ZaycevSearchingPage] : Iskat Button pressed
2016-18-06 17:59:10   INFO [ZaycevMaven.ZaycevMavenProject.ZaycevSearchingPage] : First Song highlighted
2016-18-06 17:59:23   INFO [ZaycevMaven.ZaycevMavenProject.ZaycevHomePage] : Driver shuted down
2016-18-06 18:33:05   INFO [ZaycevMaven.ZaycevMavenProject.ZaycevHomePage] : Home page opened
2016-18-06 18:33:06   INFO [ZaycevMaven.ZaycevMavenProject.ZaycevHomePage] : Button Enter clicked
2016-18-06 18:33:07   INFO [ZaycevMaven.ZaycevMavenProject.ZaycevHomePage] : Email entered
2016-18-06 18:33:07   INFO [ZaycevMaven.ZaycevMavenProject.ZaycevHomePage] : Password entered
2016-18-06 18:33:07   INFO [ZaycevMaven.ZaycevMavenProject.ZaycevHomePage] : Entry button Enter clicked
2016-18-06 18:33:10   INFO [ZaycevMaven.ZaycevMavenProject.ZaycevHomePage] : Poisk link clicked
2016-18-06 18:33:16   INFO [ZaycevMaven.ZaycevMavenProject.ZaycevSearchingPage] : Checkboxu [[FirefoxDriver: firefox on WINDOWS (2ca98ebb-9b0e-446a-ad93-7c11dfc50405)] -> xpath: .//*[@id='mailrusearchonpage']] snyli vidilenie
2016-18-06 18:33:16   INFO [ZaycevMaven.ZaycevMavenProject.ZaycevSearchingPage] : Iskat Button pressed
2016-18-06 18:33:16   INFO [ZaycevMaven.ZaycevMavenProject.ZaycevSearchingPage] : First Song highlighted
2016-18-06 18:33:22   INFO [ZaycevMaven.ZaycevMavenProject.ZaycevSearchingPage] : DownLoad first Song button clicked
2016-18-06 18:33:28   INFO [ZaycevMaven.ZaycevMavenProject.ZaycevHomePage] : Driver shuted down
2016-18-06 19:47:48   INFO [ZaycevMaven.ZaycevMavenProject.ZaycevHomePage] : Home page opened
2016-18-06 19:47:49   INFO [ZaycevMaven.ZaycevMavenProject.ZaycevHomePage] : Button Enter clicked
2016-18-06 19:47:49   INFO [ZaycevMaven.ZaycevMavenProject.ZaycevHomePage] : Email entered
2016-18-06 19:47:51   INFO [ZaycevMaven.ZaycevMavenProject.ZaycevHomePage] : Password entered
2016-18-06 19:47:53   INFO [ZaycevMaven.ZaycevMavenProject.ZaycevHomePage] : Entry button Enter clicked
2016-18-06 19:47:54   INFO [ZaycevMaven.ZaycevMavenProject.ZaycevHomePage] : Poisk link clicked
2016-18-06 19:48:00   INFO [ZaycevMaven.ZaycevMavenProject.ZaycevSearchingPage] : Checkboxu [[FirefoxDriver: firefox on WINDOWS (7b3d1669-4330-4ee2-9351-347ab8a833da)] -> xpath: .//*[@id='mailrusearchonpage']] snyli vidilenie
2016-18-06 19:48:07   INFO [ZaycevMaven.ZaycevMavenProject.ZaycevSearchingPage] : Iskat Button pressed
2016-18-06 19:48:07   INFO [ZaycevMaven.ZaycevMavenProject.ZaycevSearchingPage] : First Song highlighted
2016-18-06 19:48:07   INFO [ZaycevMaven.ZaycevMavenProject.ZaycevSearchingPage] : DownLoad first Song button clicked
2016-18-06 19:48:11   INFO [ZaycevMaven.ZaycevMavenProject.ZaycevSearchingPage] : Got song name what we want to download
2016-18-06 19:48:17   INFO [ZaycevMaven.ZaycevMavenProject.ZaycevHomePage] : Driver shuted down
2016-18-06 20:02:29   INFO [ZaycevMaven.ZaycevMavenProject.ZaycevHomePage] : Home page opened
2016-18-06 20:02:30   INFO [ZaycevMaven.ZaycevMavenProject.ZaycevHomePage] : Button Enter clicked
2016-18-06 20:02:30   INFO [ZaycevMaven.ZaycevMavenProject.ZaycevHomePage] : Email entered
2016-18-06 20:02:31   INFO [ZaycevMaven.ZaycevMavenProject.ZaycevHomePage] : Password entered
2016-18-06 20:02:34   INFO [ZaycevMaven.ZaycevMavenProject.ZaycevHomePage] : Entry button Enter clicked
2016-18-06 20:02:34   INFO [ZaycevMaven.ZaycevMavenProject.ZaycevHomePage] : Poisk link clicked
2016-18-06 20:02:41   INFO [ZaycevMaven.ZaycevMavenProject.ZaycevSearchingPage] : Checkboxu [[FirefoxDriver: firefox on WINDOWS (c3586332-bd6a-460b-89cb-48f193bc4a7b)] -> xpath: .//*[@id='mailrusearchonpage']] snyli vidilenie
2016-18-06 20:02:41   INFO [ZaycevMaven.ZaycevMavenProject.ZaycevSearchingPage] : Iskat Button pressed
2016-18-06 20:02:41   INFO [ZaycevMaven.ZaycevMavenProject.ZaycevSearchingPage] : First Song highlighted
2016-18-06 20:02:50   INFO [ZaycevMaven.ZaycevMavenProject.ZaycevSearchingPage] : DownLoad first Song button clicked
2016-18-06 20:02:55   INFO [ZaycevMaven.ZaycevMavenProject.AcdcPage] : Got song name what we want to download
2016-18-06 20:03:02   INFO [ZaycevMaven.ZaycevMavenProject.ZaycevHomePage] : Driver shuted down
2016-18-06 20:08:53   INFO [ZaycevMaven.ZaycevMavenProject.ZaycevHomePage] : Home page opened
2016-18-06 20:08:54   INFO [ZaycevMaven.ZaycevMavenProject.ZaycevHomePage] : Button Enter clicked
2016-18-06 20:08:54   INFO [ZaycevMaven.ZaycevMavenProject.ZaycevHomePage] : Email entered
2016-18-06 20:08:55   INFO [ZaycevMaven.ZaycevMavenProject.ZaycevHomePage] : Password entered
2016-18-06 20:08:58   INFO [ZaycevMaven.ZaycevMavenProject.ZaycevHomePage] : Entry button Enter clicked
2016-18-06 20:08:58   INFO [ZaycevMaven.ZaycevMavenProject.ZaycevHomePage] : Poisk link clicked
2016-18-06 20:09:04   INFO [ZaycevMaven.ZaycevMavenProject.ZaycevSearchingPage] : Checkboxu [[FirefoxDriver: firefox on WINDOWS (159b3ceb-e8f0-401f-8375-1b909661b4cb)] -> xpath: .//*[@id='mailrusearchonpage']] snyli vidilenie
2016-18-06 20:09:10   INFO [ZaycevMaven.ZaycevMavenProject.ZaycevSearchingPage] : Iskat Button pressed
2016-18-06 20:09:10   INFO [ZaycevMaven.ZaycevMavenProject.ZaycevSearchingPage] : First Song highlighted
2016-18-06 20:09:11   INFO [ZaycevMaven.ZaycevMavenProject.ZaycevSearchingPage] : DownLoad first Song button clicked
2016-18-06 20:09:16   INFO [ZaycevMaven.ZaycevMavenProject.AcdcPage] : Got song name what we want to download
2016-18-06 20:09:16   INFO [ZaycevMaven.ZaycevMavenProject.AcdcPage] : Download button checked (Enabled)
2016-18-06 20:09:21   INFO [ZaycevMaven.ZaycevMavenProject.ZaycevHomePage] : Driver shuted down
2016-18-06 20:10:26   INFO [ZaycevMaven.ZaycevMavenProject.ZaycevHomePage] : Home page opened
2016-18-06 20:10:26   INFO [ZaycevMaven.ZaycevMavenProject.ZaycevHomePage] : Button Enter clicked
2016-18-06 20:10:26   INFO [ZaycevMaven.ZaycevMavenProject.ZaycevHomePage] : Email entered
2016-18-06 20:10:27   INFO [ZaycevMaven.ZaycevMavenProject.ZaycevHomePage] : Password entered
2016-18-06 20:10:29   INFO [ZaycevMaven.ZaycevMavenProject.ZaycevHomePage] : Entry button Enter clicked
2016-18-06 20:10:29   INFO [ZaycevMaven.ZaycevMavenProject.ZaycevHomePage] : Passed Text from Bad credentionals message
2016-18-06 20:10:29   INFO [ZaycevMaven.ZaycevMavenProject.ZaycevBadCredentialsPage] : Message about bad credentionals is displayed
2016-18-06 20:10:29   INFO [ZaycevMaven.ZaycevMavenProject.ZaycevBadCredentialsPage] : Got message about bad credentionals
2016-18-06 20:10:32   INFO [ZaycevMaven.ZaycevMavenProject.ZaycevHomePage] : Driver shuted down
2016-18-06 20:10:47   INFO [ZaycevMaven.ZaycevMavenProject.ZaycevHomePage] : Home page opened
2016-18-06 20:10:48   INFO [ZaycevMaven.ZaycevMavenProject.ZaycevHomePage] : Button Enter clicked
2016-18-06 20:10:48   INFO [ZaycevMaven.ZaycevMavenProject.ZaycevHomePage] : Email entered
2016-18-06 20:10:49   INFO [ZaycevMaven.ZaycevMavenProject.ZaycevHomePage] : Password entered
2016-18-06 20:10:52   INFO [ZaycevMaven.ZaycevMavenProject.ZaycevHomePage] : Entry button Enter clicked
2016-18-06 20:10:53   INFO [ZaycevMaven.ZaycevMavenProject.ZaycevHomePage] : Poisk link clicked
2016-18-06 20:10:58   INFO [ZaycevMaven.ZaycevMavenProject.ZaycevSearchingPage] : Checkboxu [[FirefoxDriver: firefox on WINDOWS (2c7be649-0e37-474d-b048-c66669b681bf)] -> xpath: .//*[@id='mailrusearchonpage']] snyli vidilenie
2016-18-06 20:11:11   INFO [ZaycevMaven.ZaycevMavenProject.ZaycevSearchingPage] : Iskat Button pressed
2016-18-06 20:11:11   INFO [ZaycevMaven.ZaycevMavenProject.ZaycevSearchingPage] : Play First Song Button pressed
2016-18-06 20:11:12   INFO [ZaycevMaven.ZaycevMavenProject.ZaycevSearchingPage] : First song is playinnig progress bar displayed
2016-18-06 20:11:16   INFO [ZaycevMaven.ZaycevMavenProject.ZaycevHomePage] : Driver shuted down
2016-18-06 20:11:34   INFO [ZaycevMaven.ZaycevMavenProject.ZaycevHomePage] : Home page opened
2016-18-06 20:11:34   INFO [ZaycevMaven.ZaycevMavenProject.ZaycevHomePage] : Button Enter clicked
2016-18-06 20:11:34   INFO [ZaycevMaven.ZaycevMavenProject.ZaycevHomePage] : Email entered
2016-18-06 20:11:35   INFO [ZaycevMaven.ZaycevMavenProject.ZaycevHomePage] : Password entered
2016-18-06 20:11:38   INFO [ZaycevMaven.ZaycevMavenProject.ZaycevHomePage] : Entry button Enter clicked
2016-18-06 20:11:39   INFO [ZaycevMaven.ZaycevMavenProject.ZaycevHomePage] : Poisk link clicked
2016-18-06 20:11:44   INFO [ZaycevMaven.ZaycevMavenProject.ZaycevSearchingPage] : Checkboxu [[FirefoxDriver: firefox on WINDOWS (dfa1fc8f-2d38-4e30-83ad-c97253ae0f2a)] -> xpath: .//*[@id='mailrusearchonpage']] snyli vidilenie
2016-18-06 20:11:52   INFO [ZaycevMaven.ZaycevMavenProject.ZaycevSearchingPage] : Iskat Button pressed
2016-18-06 20:11:52   INFO [ZaycevMaven.ZaycevMavenProject.ZaycevSearchingPage] : First Song highlighted
2016-18-06 20:11:53   INFO [ZaycevMaven.ZaycevMavenProject.ZaycevSearchingPage] : DownLoad first Song button clicked
2016-18-06 20:11:57   INFO [ZaycevMaven.ZaycevMavenProject.AcdcPage] : Got song name what we want to download
2016-18-06 20:11:58   INFO [ZaycevMaven.ZaycevMavenProject.AcdcPage] : Download button checked (Enabled)
2016-18-06 20:12:03   INFO [ZaycevMaven.ZaycevMavenProject.ZaycevHomePage] : Driver shuted down
2016-18-06 20:12:17   INFO [ZaycevMaven.ZaycevMavenProject.ZaycevHomePage] : Home page opened
2016-18-06 20:12:17   INFO [ZaycevMaven.ZaycevMavenProject.ZaycevHomePage] : Button Enter clicked
2016-18-06 20:12:17   INFO [ZaycevMaven.ZaycevMavenProject.ZaycevHomePage] : Email entered
2016-18-06 20:12:18   INFO [ZaycevMaven.ZaycevMavenProject.ZaycevHomePage] : Password entered
2016-18-06 20:12:21   INFO [ZaycevMaven.ZaycevMavenProject.ZaycevHomePage] : Entry button Enter clicked
2016-18-06 20:12:21   INFO [ZaycevMaven.ZaycevMavenProject.ZaycevHomePage] : Got text from UserNam
2016-18-06 20:12:25   INFO [ZaycevMaven.ZaycevMavenProject.ZaycevHomePage] : Driver shuted down
2016-18-06 20:12:39   INFO [ZaycevMaven.ZaycevMavenProject.ZaycevHomePage] : Home page opened
2016-18-06 20:12:40   INFO [ZaycevMaven.ZaycevMavenProject.ZaycevHomePage] : Button Enter clicked
2016-18-06 20:12:40   INFO [ZaycevMaven.ZaycevMavenProject.ZaycevHomePage] : Email entered
2016-18-06 20:12:41   INFO [ZaycevMaven.ZaycevMavenProject.ZaycevHomePage] : Password entered
2016-18-06 20:12:44   INFO [ZaycevMaven.ZaycevMavenProject.ZaycevHomePage] : Entry button Enter clicked
2016-18-06 20:12:44   INFO [ZaycevMaven.ZaycevMavenProject.ZaycevHomePage] : Poisk link clicked
2016-18-06 20:12:50   INFO [ZaycevMaven.ZaycevMavenProject.ZaycevSearchingPage] : Checkboxu [[FirefoxDriver: firefox on WINDOWS (5de0c849-01fe-45fe-9fbd-ab600606b296)] -> xpath: .//*[@id='mailrusearchonpage']] snyli vidilenie
2016-18-06 20:12:50   INFO [ZaycevMaven.ZaycevMavenProject.ZaycevSearchingPage] : Iskat Button pressed
2016-18-06 20:12:58   INFO [ZaycevMaven.ZaycevMavenProject.ZaycevSearchingPage] : pervaja Pesna vzata
2016-18-06 20:13:02   INFO [ZaycevMaven.ZaycevMavenProject.ZaycevHomePage] : Driver shuted down
2016-19-06 18:25:30   INFO [ZaycevMaven.ZaycevMavenProject.ZaycevHomePage] : Home page opened
2016-19-06 18:25:31   INFO [ZaycevMaven.ZaycevMavenProject.ZaycevHomePage] : Button Enter clicked
2016-19-06 18:25:32   INFO [ZaycevMaven.ZaycevMavenProject.ZaycevHomePage] : Email entered
2016-19-06 18:25:33   INFO [ZaycevMaven.ZaycevMavenProject.ZaycevHomePage] : Password entered
2016-19-06 18:25:38   INFO [ZaycevMaven.ZaycevMavenProject.ZaycevHomePage] : Entry button Enter clicked
2016-19-06 18:25:38   INFO [ZaycevMaven.ZaycevMavenProject.ZaycevHomePage] : Got text from UserNam
2016-19-06 18:25:43   INFO [ZaycevMaven.ZaycevMavenProject.ZaycevHomePage] : Driver shuted down
2016-19-06 22:52:49   INFO [ZaycevMaven.ZaycevMavenProject.ZaycevHomePage] : Home page opened
2016-19-06 22:52:50   INFO [ZaycevMaven.ZaycevMavenProject.ZaycevHomePage] : Button Enter clicked
2016-19-06 22:52:50   INFO [ZaycevMaven.ZaycevMavenProject.ZaycevHomePage] : Email entered
2016-19-06 22:52:51   INFO [ZaycevMaven.ZaycevMavenProject.ZaycevHomePage] : Password entered
2016-19-06 22:52:56   INFO [ZaycevMaven.ZaycevMavenProject.ZaycevHomePage] : Entry button Enter clicked
2016-19-06 22:52:56   INFO [ZaycevMaven.ZaycevMavenProject.ZaycevHomePage] : Poisk link clicked
2016-19-06 22:53:03   INFO [ZaycevMaven.ZaycevMavenProject.ZaycevSearchingPage] : Checkboxu [[FirefoxDriver: firefox on WINDOWS (0a1d1c8a-095a-4f92-86e3-2a17ea1b83bd)] -> xpath: .//*[@id='mailrusearchonpage']] snyli vidilenie
2016-19-06 22:53:03   INFO [ZaycevMaven.ZaycevMavenProject.ZaycevSearchingPage] : Iskat Button pressed
2016-19-06 22:53:09   INFO [ZaycevMaven.ZaycevMavenProject.ZaycevSearchingPage] : pervaja Pesna vzata
2016-19-06 22:53:18   INFO [ZaycevMaven.ZaycevMavenProject.ZaycevHomePage] : Driver shuted down
2016-19-06 22:54:26   INFO [ZaycevMaven.ZaycevMavenProject.ZaycevHomePage] : Home page opened
2016-19-06 22:54:27   INFO [ZaycevMaven.ZaycevMavenProject.ZaycevHomePage] : Button Enter clicked
2016-19-06 22:54:27   INFO [ZaycevMaven.ZaycevMavenProject.ZaycevHomePage] : Email entered
2016-19-06 22:54:28   INFO [ZaycevMaven.ZaycevMavenProject.ZaycevHomePage] : Password entered
2016-19-06 22:54:32   INFO [ZaycevMaven.ZaycevMavenProject.ZaycevHomePage] : Entry button Enter clicked
2016-19-06 22:54:32   INFO [ZaycevMaven.ZaycevMavenProject.ZaycevHomePage] : Poisk link clicked
2016-19-06 22:54:37   INFO [ZaycevMaven.ZaycevMavenProject.ZaycevSearchingPage] : Checkboxu [[FirefoxDriver: firefox on WINDOWS (5aa3b8a3-7fef-42e1-ac70-5a8924de13f2)] -> xpath: .//*[@id='mailrusearchonpage']] snyli vidilenie
2016-19-06 22:54:39   INFO [ZaycevMaven.ZaycevMavenProject.ZaycevSearchingPage] : Iskat Button pressed
2016-19-06 22:54:45   INFO [ZaycevMaven.ZaycevMavenProject.ZaycevSearchingPage] : pervaja Pesna vzata
2016-19-06 22:54:50   INFO [ZaycevMaven.ZaycevMavenProject.ZaycevHomePage] : Driver shuted down
2016-19-06 22:57:43   INFO [ZaycevMaven.ZaycevMavenProject.ZaycevHomePage] : Home page opened
2016-19-06 22:57:44   INFO [ZaycevMaven.ZaycevMavenProject.ZaycevHomePage] : Button Enter clicked
2016-19-06 22:57:44   INFO [ZaycevMaven.ZaycevMavenProject.ZaycevHomePage] : Email entered
2016-19-06 22:57:46   INFO [ZaycevMaven.ZaycevMavenProject.ZaycevHomePage] : Password entered
2016-19-06 22:57:51   INFO [ZaycevMaven.ZaycevMavenProject.ZaycevHomePage] : Entry button Enter clicked
2016-19-06 22:57:51   INFO [ZaycevMaven.ZaycevMavenProject.ZaycevHomePage] : Poisk link clicked
2016-19-06 22:57:57   INFO [ZaycevMaven.ZaycevMavenProject.ZaycevSearchingPage] : Checkboxu [[FirefoxDriver: firefox on WINDOWS (2e9b40bc-ea9f-4140-8f16-adfd714419c9)] -> xpath: .//*[@id='mailrusearchonpage']] snyli vidilenie
2016-19-06 22:58:07   INFO [ZaycevMaven.ZaycevMavenProject.ZaycevSearchingPage] : Iskat Button pressed
2016-19-06 22:58:07   INFO [ZaycevMaven.ZaycevMavenProject.ZaycevSearchingPage] : First Song highlighted
2016-19-06 22:58:08   INFO [ZaycevMaven.ZaycevMavenProject.ZaycevSearchingPage] : DownLoad first Song button clicked
2016-19-06 22:58:14   INFO [ZaycevMaven.ZaycevMavenProject.AcdcPage] : Got song name what we want to download
2016-19-06 22:58:14   INFO [ZaycevMaven.ZaycevMavenProject.AcdcPage] : Download button checked (Enabled)
2016-19-06 22:58:20   INFO [ZaycevMaven.ZaycevMavenProject.ZaycevHomePage] : Driver shuted down
2016-19-06 22:58:36   INFO [ZaycevMaven.ZaycevMavenProject.ZaycevHomePage] : Home page opened
2016-19-06 22:58:37   INFO [ZaycevMaven.ZaycevMavenProject.ZaycevHomePage] : Button Enter clicked
2016-19-06 22:58:37   INFO [ZaycevMaven.ZaycevMavenProject.ZaycevHomePage] : Email entered
2016-19-06 22:58:38   INFO [ZaycevMaven.ZaycevMavenProject.ZaycevHomePage] : Password entered
2016-19-06 22:58:42   INFO [ZaycevMaven.ZaycevMavenProject.ZaycevHomePage] : Entry button Enter clicked
2016-19-06 22:58:43   INFO [ZaycevMaven.ZaycevMavenProject.ZaycevHomePage] : Poisk link clicked
2016-19-06 22:58:50   INFO [ZaycevMaven.ZaycevMavenProject.ZaycevSearchingPage] : Checkboxu [[FirefoxDriver: firefox on WINDOWS (84e678da-eba3-4371-991d-d0515fa1f371)] -> xpath: .//*[@id='mailrusearchonpage']] snyli vidilenie
2016-19-06 22:58:50   INFO [ZaycevMaven.ZaycevMavenProject.ZaycevSearchingPage] : Iskat Button pressed
2016-19-06 22:58:56   INFO [ZaycevMaven.ZaycevMavenProject.ZaycevSearchingPage] : Play First Song Button pressed
2016-19-06 22:58:57   INFO [ZaycevMaven.ZaycevMavenProject.ZaycevSearchingPage] : First song is playinnig progress bar displayed
2016-19-06 22:59:01   INFO [ZaycevMaven.ZaycevMavenProject.ZaycevHomePage] : Driver shuted down
2016-19-06 22:59:16   INFO [ZaycevMaven.ZaycevMavenProject.ZaycevHomePage] : Home page opened
2016-19-06 22:59:17   INFO [ZaycevMaven.ZaycevMavenProject.ZaycevHomePage] : Button Enter clicked
2016-19-06 22:59:17   INFO [ZaycevMaven.ZaycevMavenProject.ZaycevHomePage] : Email entered
2016-19-06 22:59:18   INFO [ZaycevMaven.ZaycevMavenProject.ZaycevHomePage] : Password entered
2016-19-06 22:59:20   INFO [ZaycevMaven.ZaycevMavenProject.ZaycevHomePage] : Entry button Enter clicked
2016-19-06 22:59:20   INFO [ZaycevMaven.ZaycevMavenProject.ZaycevHomePage] : Passed Text from Bad credentionals message
2016-19-06 22:59:20   INFO [ZaycevMaven.ZaycevMavenProject.ZaycevBadCredentialsPage] : Message about bad credentionals is displayed
2016-19-06 22:59:20   INFO [ZaycevMaven.ZaycevMavenProject.ZaycevBadCredentialsPage] : Got message about bad credentionals
2016-19-06 22:59:23   INFO [ZaycevMaven.ZaycevMavenProject.ZaycevHomePage] : Driver shuted down
2016-19-06 22:59:42   INFO [ZaycevMaven.ZaycevMavenProject.ZaycevHomePage] : Home page opened
2016-19-06 22:59:43   INFO [ZaycevMaven.ZaycevMavenProject.ZaycevHomePage] : Button Enter clicked
2016-19-06 22:59:43   INFO [ZaycevMaven.ZaycevMavenProject.ZaycevHomePage] : Email entered
2016-19-06 22:59:44   INFO [ZaycevMaven.ZaycevMavenProject.ZaycevHomePage] : Password entered
2016-19-06 22:59:47   INFO [ZaycevMaven.ZaycevMavenProject.ZaycevHomePage] : Entry button Enter clicked
2016-19-06 22:59:47   INFO [ZaycevMaven.ZaycevMavenProject.ZaycevHomePage] : Poisk link clicked
2016-19-06 22:59:54   INFO [ZaycevMaven.ZaycevMavenProject.ZaycevSearchingPage] : Checkboxu [[FirefoxDriver: firefox on WINDOWS (00ae9e15-6add-405a-938b-464fd0750e78)] -> xpath: .//*[@id='mailrusearchonpage']] snyli vidilenie
2016-19-06 22:59:54   INFO [ZaycevMaven.ZaycevMavenProject.ZaycevSearchingPage] : Iskat Button pressed
2016-19-06 23:00:02   INFO [ZaycevMaven.ZaycevMavenProject.ZaycevSearchingPage] : pervaja Pesna vzata
2016-19-06 23:00:07   INFO [ZaycevMaven.ZaycevMavenProject.ZaycevHomePage] : Driver shuted down
2016-19-06 23:00:22   INFO [ZaycevMaven.ZaycevMavenProject.ZaycevHomePage] : Home page opened
2016-19-06 23:00:23   INFO [ZaycevMaven.ZaycevMavenProject.ZaycevHomePage] : Button Enter clicked
2016-19-06 23:00:24   INFO [ZaycevMaven.ZaycevMavenProject.ZaycevHomePage] : Email entered
2016-19-06 23:00:24   INFO [ZaycevMaven.ZaycevMavenProject.ZaycevHomePage] : Password entered
2016-19-06 23:00:28   INFO [ZaycevMaven.ZaycevMavenProject.ZaycevHomePage] : Entry button Enter clicked
2016-19-06 23:00:28   INFO [ZaycevMaven.ZaycevMavenProject.ZaycevHomePage] : Got text from UserNam
2016-19-06 23:00:32   INFO [ZaycevMaven.ZaycevMavenProject.ZaycevHomePage] : Driver shuted down
